0 info it worked if it ends with ok
1 verbose cli [
1 verbose cli   'C:\\nodejs\\node.exe',
1 verbose cli   'C:\\Users\\Chris Lissman\\AppData\\Roaming\\npm\\node_modules\\npm\\bin\\npm-cli.js',
1 verbose cli   'run',
1 verbose cli   'storybook'
1 verbose cli ]
2 info using npm@6.14.8
3 info using node@v14.17.3
4 verbose run-script [ 'prestorybook', 'storybook', 'poststorybook' ]
5 info lifecycle dash-design@0.1.0~prestorybook: dash-design@0.1.0
6 info lifecycle dash-design@0.1.0~storybook: dash-design@0.1.0
7 verbose lifecycle dash-design@0.1.0~storybook: unsafe-perm in lifecycle true
8 verbose lifecycle dash-design@0.1.0~storybook: PATH: C:\Users\Chris Lissman\AppData\Roaming\npm\node_modules\npm\node_modules\npm-lifecycle\node-gyp-bin;C:\dash-design\node_modules\.bin;C:\Program Files\Git\mingw64\bin;C:\Program Files\Git\usr\bin;C:\Users\Chris Lissman\bin;C:\Python38\Scripts;C:\Python38;C:\Program Files (x86)\Common Files\Oracle\Java\javapath;C:\ProgramData\Oracle\Java\javapath;C:\Program Files (x86)\Intel\iCLS Client;C:\Program Files\Intel\iCLS Client;C:\Windows\system32;C:\Windows;C:\Windows\System32\Wbem;C:\Windows\System32\WindowsPowerShell\v1.0;C:\Program Files\Intel\Intel(R) Management Engine Components\DAL;C:\Program Files\Intel\Intel(R) Management Engine Components\IPT;C:\Program Files (x86)\Intel\Intel(R) Management Engine Components\DAL;C:\Program Files (x86)\Intel\Intel(R) Management Engine Components\IPT;C:\Program Files (x86)\NVIDIA Corporation\PhysX\Common;C:\WINDOWS\system32;C:\WINDOWS;C:\WINDOWS\System32\Wbem;C:\WINDOWS\System32\WindowsPowerShell\v1.0;C:\Program Files\Intel\WiFi\bin;C:\Program Files\Common Files\Intel\WirelessCommon;C:\WINDOWS\System32\OpenSSH;C:\Program Files\Git\cmd;C:\pRogram Files\dart-sass;C:\PostgreSQL\pg11\bin;C:\ProgramData\chocolatey\bin;C:\nodejs;C:\Ruby24-x64\bin;C:\Users\Chris Lissman\AppData\Local\Microsoft\WindowsApps;C:\Users\Chris Lissman\AppData\Local\atom\bin;C:\Program Files\Intel\WiFi\bin;C:\Program Files\Common Files\Intel\WirelessCommon;C:\Users\Chris Lissman\AppData\Local\Microsoft\WindowsApps;C:\Users\Chris Lissman\AppData\Local\Programs\Microsoft VS Code\bin;C:\Program Files\heroku\bin;C:\Users\Chris Lissman\AppData\Roaming\npm
9 verbose lifecycle dash-design@0.1.0~storybook: CWD: C:\dash-design
10 silly lifecycle dash-design@0.1.0~storybook: Args: [ '/d /s /c', 'start-storybook -p 6006 -s public' ]
11 silly lifecycle dash-design@0.1.0~storybook: Returned: code: 1  signal: null
12 info lifecycle dash-design@0.1.0~storybook: Failed to exec storybook script
13 verbose stack Error: dash-design@0.1.0 storybook: `start-storybook -p 6006 -s public`
13 verbose stack Exit status 1
13 verbose stack     at EventEmitter.<anonymous> (C:\Users\Chris Lissman\AppData\Roaming\npm\node_modules\npm\node_modules\npm-lifecycle\index.js:332:16)
13 verbose stack     at EventEmitter.emit (events.js:375:28)
13 verbose stack     at ChildProcess.<anonymous> (C:\Users\Chris Lissman\AppData\Roaming\npm\node_modules\npm\node_modules\npm-lifecycle\lib\spawn.js:55:14)
13 verbose stack     at ChildProcess.emit (events.js:375:28)
13 verbose stack     at maybeClose (internal/child_process.js:1055:16)
13 verbose stack     at Process.ChildProcess._handle.onexit (internal/child_process.js:288:5)
14 verbose pkgid dash-design@0.1.0
15 verbose cwd C:\dash-design
16 verbose Windows_NT 10.0.19042
17 verbose argv "C:\\nodejs\\node.exe" "C:\\Users\\Chris Lissman\\AppData\\Roaming\\npm\\node_modules\\npm\\bin\\npm-cli.js" "run" "storybook"
18 verbose node v14.17.3
19 verbose npm  v6.14.8
20 error code ELIFECYCLE
21 error errno 1
22 error dash-design@0.1.0 storybook: `start-storybook -p 6006 -s public`
22 error Exit status 1
23 error Failed at the dash-design@0.1.0 storybook script.
23 error This is probably not a problem with npm. There is likely additional logging output above.
24 verbose exit [ 1, true ]
